# JRE version: Java(TM) SE Runtime Environment (8.0_251-b08) (build 1.8.0_251-b08)
# Java VM: Java HotSpot(TM) 64-Bit Server VM (25.251-b08 mixed mode windows-amd64 compressed oops)
Heap:
 PSYoungGen      total 178176K, used 13685K [0x000000076ad80000, 0x0000000778000000, 0x00000007c0000000)
  eden space 166400K, 1% used [0x000000076ad80000,0x000000076af5d900,0x0000000775000000)
  from space 11776K, 99% used [0x0000000775000000,0x0000000775b7fce0,0x0000000775b80000)
  to   space 12288K, 0% used [0x0000000775b80000,0x0000000775b80000,0x0000000776780000)
 ParOldGen       total 147456K, used 14647K [0x00000006c0800000, 0x00000006c9800000, 0x000000076ad80000)
  object space 147456K, 9% used [0x00000006c0800000,0x00000006c164ded8,0x00000006c9800000)
 Metaspace       used 49430K, capacity 51438K, committed 51840K, reserved 1093632K
  class space    used 6323K, capacity 6737K, committed 6784K, reserved 1048576K
GC Heap History (10 events):
Event: 2.067 GC heap before
{Heap before GC invocations=5 (full 1):
 PSYoungGen      total 76288K, used 65536K [0x000000076ad80000, 0x0000000774280000, 0x00000007c0000000)
  eden space 65536K, 100% used [0x000000076ad80000,0x000000076ed80000,0x000000076ed80000)
  from space 10752K, 0% used [0x000000076ed80000,0x000000076ed80000,0x000000076f800000)
  to   space 10752K, 0% used [0x0000000773800000,0x0000000773800000,0x0000000774280000)
 ParOldGen       total 98304K, used 7662K [0x00000006c0800000, 0x00000006c6800000, 0x000000076ad80000)
  object space 98304K, 7% used [0x00000006c0800000,0x00000006c0f7bad0,0x00000006c6800000)
 Metaspace       used 23988K, capacity 24888K, committed 25088K, reserved 1071104K
  class space    used 3051K, capacity 3254K, committed 3328K, reserved 1048576K
Event: 2.072 GC heap after
Heap after GC invocations=5 (full 1):
 PSYoungGen      total 111104K, used 5288K [0x000000076ad80000, 0x0000000773d80000, 0x00000007c0000000)
  eden space 105472K, 0% used [0x000000076ad80000,0x000000076ad80000,0x0000000771480000)
  from space 5632K, 93% used [0x0000000773800000,0x0000000773d2a278,0x0000000773d80000)
  to   space 10752K, 0% used [0x0000000772880000,0x0000000772880000,0x0000000773300000)
 ParOldGen       total 98304K, used 7670K [0x00000006c0800000, 0x00000006c6800000, 0x000000076ad80000)
  object space 98304K, 7% used [0x00000006c0800000,0x00000006c0f7dad0,0x00000006c6800000)
 Metaspace       used 23988K, capacity 24888K, committed 25088K, reserved 1071104K
  class space    used 3051K, capacity 3254K, committed 3328K, reserved 1048576K
}
Event: 2.977 GC heap before
{Heap before GC invocations=6 (full 1):
 PSYoungGen      total 111104K, used 110760K [0x000000076ad80000, 0x0000000773d80000, 0x00000007c0000000)
  eden space 105472K, 100% used [0x000000076ad80000,0x0000000771480000,0x0000000771480000)
  from space 5632K, 93% used [0x0000000773800000,0x0000000773d2a278,0x0000000773d80000)
  to   space 10752K, 0% used [0x0000000772880000,0x0000000772880000,0x0000000773300000)
 ParOldGen       total 98304K, used 7670K [0x00000006c0800000, 0x00000006c6800000, 0x000000076ad80000)
  object space 98304K, 7% used [0x00000006c0800000,0x00000006c0f7dad0,0x00000006c6800000)
 Metaspace       used 31396K, capacity 32698K, committed 32896K, reserved 1077248K
  class space    used 4145K, capacity 4439K, committed 4480K, reserved 1048576K
Event: 2.985 GC heap after
Heap after GC invocations=6 (full 1):
 PSYoungGen      total 136704K, used 10724K [0x000000076ad80000, 0x0000000776780000, 0x00000007c0000000)
  eden space 125952K, 0% used [0x000000076ad80000,0x000000076ad80000,0x0000000772880000)
  from space 10752K, 99% used [0x0000000772880000,0x00000007732f9118,0x0000000773300000)
  to   space 12288K, 0% used [0x0000000775b80000,0x0000000775b80000,0x0000000776780000)
 ParOldGen       total 98304K, used 7777K [0x00000006c0800000, 0x00000006c6800000, 0x000000076ad80000)
  object space 98304K, 7% used [0x00000006c0800000,0x00000006c0f985e0,0x00000006c6800000)
 Metaspace       used 31396K, capacity 32698K, committed 32896K, reserved 1077248K
  class space    used 4145K, capacity 4439K, committed 4480K, reserved 1048576K
}
Event: 3.867 GC heap before
{Heap before GC invocations=7 (full 1):
 PSYoungGen      total 136704K, used 37230K [0x000000076ad80000, 0x0000000776780000, 0x00000007c0000000)
  eden space 125952K, 21% used [0x000000076ad80000,0x000000076c7629e8,0x0000000772880000)
  from space 10752K, 99% used [0x0000000772880000,0x00000007732f9118,0x0000000773300000)
  to   space 12288K, 0% used [0x0000000775b80000,0x0000000775b80000,0x0000000776780000)
 ParOldGen       total 98304K, used 7777K [0x00000006c0800000, 0x00000006c6800000, 0x000000076ad80000)
  object space 98304K, 7% used [0x00000006c0800000,0x00000006c0f985e0,0x00000006c6800000)
 Metaspace       used 33608K, capacity 35246K, committed 35416K, reserved 1079296K
  class space    used 4438K, capacity 4757K, committed 4864K, reserved 1048576K
Event: 3.872 GC heap after
Heap after GC invocations=7 (full 1):
 PSYoungGen      total 178688K, used 7153K [0x000000076ad80000, 0x0000000778000000, 0x00000007c0000000)
  eden space 166400K, 0% used [0x000000076ad80000,0x000000076ad80000,0x0000000775000000)
  from space 12288K, 58% used [0x0000000775b80000,0x000000077627c430,0x0000000776780000)
  to   space 11776K, 0% used [0x0000000775000000,0x0000000775000000,0x0000000775b80000)
 ParOldGen       total 98304K, used 7785K [0x00000006c0800000, 0x00000006c6800000, 0x000000076ad80000)
  object space 98304K, 7% used [0x00000006c0800000,0x00000006c0f9a5e0,0x00000006c6800000)
 Metaspace       used 33608K, capacity 35246K, committed 35416K, reserved 1079296K
  class space    used 4438K, capacity 4757K, committed 4864K, reserved 1048576K
}
Event: 3.872 GC heap before
{Heap before GC invocations=8 (full 2):
 PSYoungGen      total 178688K, used 7153K [0x000000076ad80000, 0x0000000778000000, 0x00000007c0000000)
  eden space 166400K, 0% used [0x000000076ad80000,0x000000076ad80000,0x0000000775000000)
  from space 12288K, 58% used [0x0000000775b80000,0x000000077627c430,0x0000000776780000)
  to   space 11776K, 0% used [0x0000000775000000,0x0000000775000000,0x0000000775b80000)
 ParOldGen       total 98304K, used 7785K [0x00000006c0800000, 0x00000006c6800000, 0x000000076ad80000)
  object space 98304K, 7% used [0x00000006c0800000,0x00000006c0f9a5e0,0x00000006c6800000)
 Metaspace       used 33608K, capacity 35246K, committed 35416K, reserved 1079296K
  class space    used 4438K, capacity 4757K, committed 4864K, reserved 1048576K
Event: 3.903 GC heap after
Heap after GC invocations=8 (full 2):
 PSYoungGen      total 178688K, used 0K [0x000000076ad80000, 0x0000000778000000, 0x00000007c0000000)
  eden space 166400K, 0% used [0x000000076ad80000,0x000000076ad80000,0x0000000775000000)
  from space 12288K, 0% used [0x0000000775b80000,0x0000000775b80000,0x0000000776780000)
  to   space 11776K, 0% used [0x0000000775000000,0x0000000775000000,0x0000000775b80000)
 ParOldGen       total 147456K, used 11704K [0x00000006c0800000, 0x00000006c9800000, 0x000000076ad80000)
  object space 147456K, 7% used [0x00000006c0800000,0x00000006c136e028,0x00000006c9800000)
 Metaspace       used 33608K, capacity 35246K, committed 35416K, reserved 1079296K
  class space    used 4438K, capacity 4757K, committed 4864K, reserved 1048576K
}
Event: 5.289 GC heap before
{Heap before GC invocations=9 (full 2):
 PSYoungGen      total 178688K, used 166400K [0x000000076ad80000, 0x0000000778000000, 0x00000007c0000000)
  eden space 166400K, 100% used [0x000000076ad80000,0x0000000775000000,0x0000000775000000)
  from space 12288K, 0% used [0x0000000775b80000,0x0000000775b80000,0x0000000776780000)
  to   space 11776K, 0% used [0x0000000775000000,0x0000000775000000,0x0000000775b80000)
 ParOldGen       total 147456K, used 11704K [0x00000006c0800000, 0x00000006c9800000, 0x000000076ad80000)
  object space 147456K, 7% used [0x00000006c0800000,0x00000006c136e028,0x00000006c9800000)
 Metaspace       used 49112K, capacity 51112K, committed 51584K, reserved 1093632K
  class space    used 6290K, capacity 6672K, committed 6784K, reserved 1048576K
Event: 5.305 GC heap after
Heap after GC invocations=9 (full 2):
 PSYoungGen      total 178176K, used 11775K [0x000000076ad80000, 0x0000000778000000, 0x00000007c0000000)
  eden space 166400K, 0% used [0x000000076ad80000,0x000000076ad80000,0x0000000775000000)
  from space 11776K, 99% used [0x0000000775000000,0x0000000775b7fce0,0x0000000775b80000)
  to   space 12288K, 0% used [0x0000000775b80000,0x0000000775b80000,0x0000000776780000)
 ParOldGen       total 147456K, used 14647K [0x00000006c0800000, 0x00000006c9800000, 0x000000076ad80000)
  object space 147456K, 9% used [0x00000006c0800000,0x00000006c164ded8,0x00000006c9800000)
 Metaspace       used 49112K, capacity 51112K, committed 51584K, reserved 1093632K
  class space    used 6290K, capacity 6672K, committed 6784K, reserved 1048576K
}

